[ 2026-02-17 11:06:59,818 ] 18 root - INFO - Initiate Data ingestion
[ 2026-02-17 11:06:59,819 ] 35 root - WARNING - MONGO_DB_URL not set; skipping MongoDB.
[ 2026-02-17 11:06:59,819 ] 64 root - INFO - Loading data from CSV fallback: data\raw\telco_customers.csv
[ 2026-02-17 11:07:00,081 ] 90 root - INFO - Imported dataframe: 7043 rows, 20 columns
[ 2026-02-17 11:07:00,246 ] 109 root - INFO - Performed train test split on the dataframe
[ 2026-02-17 11:07:00,246 ] 110 root - INFO - Exited split_data_as_train_test method of Data_Ingestion class
[ 2026-02-17 11:07:00,246 ] 118 root - INFO - Exporting train and test file path.
[ 2026-02-17 11:07:00,297 ] 127 root - INFO - Exported train and test file path.
[ 2026-02-17 11:07:00,298 ] 21 root - INFO - Ingestion Initiation completed
[ 2026-02-17 11:07:00,298 ] 26 root - INFO - Initiate Data Transformation
[ 2026-02-17 11:07:00,340 ] 79 root - INFO - Built preprocessor: numerical=['SeniorCitizen', 'tenure', 'MonthlyCharges', 'TotalCharges', 'gender'], categorical=['Partner', 'Dependents', 'PhoneService', 'MultipleLines', 'InternetService', 'OnlineSecurity', 'OnlineBackup', 'DeviceProtection', 'TechSupport', 'StreamingTV', 'StreamingMovies', 'Contract', 'PaperlessBilling', 'PaymentMethod']
[ 2026-02-17 11:07:00,432 ] 95 root - INFO - Saved preprocessor to Artifacts\02_17_2026_11_06_58\data_transformation\transformed_object\preprocessing.pkl
[ 2026-02-17 11:07:00,435 ] 108 root - INFO - Saved transformed train and test arrays.
[ 2026-02-17 11:07:00,436 ] 29 root - INFO - Transformation Initiation completed
[ 2026-02-17 11:07:00,436 ] 34 root - INFO - Initiate Model Training
[ 2026-02-17 11:07:00,477 ] 246 root - INFO - Loaded training data: X_train shape (5624, 44), y_train shape (5624,)
[ 2026-02-17 11:07:00,477 ] 247 root - INFO - Loaded test data: X_test shape (1408, 44), y_test shape (1408,)
[ 2026-02-17 11:07:00,477 ] 101 root - INFO - Tuning RandomForestClassifier...
[ 2026-02-17 11:07:14,155 ] 59 root - INFO - Best params: {'class_weight': 'balanced', 'max_depth': 10, 'n_estimators': 100} | Best f1: 0.6193
[ 2026-02-17 11:07:14,156 ] 114 root - INFO - RandomForestClassifier - Best CV Score: 0.6193, Best Params: {'class_weight': 'balanced', 'max_depth': 10, 'n_estimators': 100}
[ 2026-02-17 11:07:14,156 ] 101 root - INFO - Tuning XGBClassifier...
[ 2026-02-17 11:07:21,841 ] 59 root - INFO - Best params: {'learning_rate': 0.01, 'n_estimators': 200, 'scale_pos_weight': 3} | Best f1: 0.6219
[ 2026-02-17 11:07:21,841 ] 114 root - INFO - XGBClassifier - Best CV Score: 0.6219, Best Params: {'learning_rate': 0.01, 'n_estimators': 200, 'scale_pos_weight': 3}
[ 2026-02-17 11:07:21,842 ] 129 root - INFO - Best model: XGBClassifier with CV score: 0.6219
[ 2026-02-17 11:07:21,842 ] 131 root - INFO - Best model params: {'learning_rate': 0.01, 'n_estimators': 200, 'scale_pos_weight': 3}
[ 2026-02-17 11:07:21,879 ] 145 root - INFO - Training Metrics - F1: 0.6813, Precision: 0.5585, Recall: 0.8733
[ 2026-02-17 11:07:21,879 ] 149 root - INFO - Test Metrics - F1: 0.6515, Precision: 0.5477, Recall: 0.8041
[ 2026-02-17 11:07:21,919 ] 171 root - INFO - Saved best model (XGBClassifier) to Artifacts\02_17_2026_11_06_58\model_trainer\trained_model\model.pkl
[ 2026-02-17 11:07:21,922 ] 36 root - INFO - Model Training completed
[ 2026-02-17 11:07:21,922 ] 37 root - INFO - Model Trainer Artifact: ModelTrainerArtifact(trained_model_file_path='Artifacts\\02_17_2026_11_06_58\\model_trainer\\trained_model\\model.pkl', trained_metric_artifact=ClassificationMetricArtifact(f1_score=0.6812896405919662, precision=0.5584922010398613, recall=0.8733062330623306), tested_metric_artifact=ClassificationMetricArtifact(f1_score=0.6515463917525773, precision=0.5476603119584056, recall=0.8040712468193384))
